d:\edward\eychessu2020a64\x64\release\engine.obj
d:\edward\eychessu2020a64\x64\release\pregen.obj
d:\edward\eychessu2020a64\x64\release\rkiss.obj
d:\edward\eychessu2020a64\x64\release\srchboob.obj
d:\edward\eychessu2020a64\x64\release\tokenizer.obj
d:\edward\eychessu2020a64\x64\release\ucci.obj
d:\edward\eychessu2020a64\x64\release\eychessu.obj
d:\edward\eychessu2020a64\x64\release\bookmain.obj
d:\edward\eychessu2020a64\x64\release\board.obj
d:\edward\eychessu2020a64\x64\release\pipe.obj
d:\edward\eychessu2020a64\x64\release\vc142.pdb
d:\edward\eychessu2020a64\x64\release\eychessu2020a64.exe
d:\edward\eychessu2020a64\x64\release\eychessu2020a64.map
d:\edward\eychessu2020a64\x64\release\eychessu2020a64.pdb
d:\edward\eychessu2020a64\x64\release\eychessu.res
d:\edward\eychessu2020a64\x64\release\eychessu2020a64.tlog\cl.10236.write.1.tlog
d:\edward\eychessu2020a64\x64\release\eychessu2020a64.tlog\cl.command.1.tlog
d:\edward\eychessu2020a64\x64\release\eychessu2020a64.tlog\cl.read.1.tlog
d:\edward\eychessu2020a64\x64\release\eychessu2020a64.tlog\link.command.1.tlog
d:\edward\eychessu2020a64\x64\release\eychessu2020a64.tlog\link.read.1.tlog
d:\edward\eychessu2020a64\x64\release\eychessu2020a64.tlog\link.write.1.tlog
d:\edward\eychessu2020a64\x64\release\eychessu2020a64.tlog\rc.command.1.tlog
d:\edward\eychessu2020a64\x64\release\eychessu2020a64.tlog\rc.read.1.tlog
d:\edward\eychessu2020a64\x64\release\eychessu2020a64.tlog\rc.write.1.tlog
